<?xml version="1.0" encoding="UTF-8"?>
<testng-results skipped="0" failed="2" total="3" passed="1">
  <reporter-output>
  </reporter-output>
  <suite name="Amarujala" duration-ms="1545868" started-at="2019-02-01T05:28:22Z" finished-at="2019-02-01T05:54:08Z">
    <groups>
    </groups>
    <test name="firkeeTest" duration-ms="303703" started-at="2019-02-01T05:28:22Z" finished-at="2019-02-01T05:33:26Z">
      <class name="firkeeTest.firkeeTest">
        <test-method status="PASS" signature="startReport()[pri:0, instance:firkeeTest.firkeeTest@3f3afe78]" name="startReport" is-config="true" duration-ms="282" started-at="2019-02-01T10:58:22Z" finished-at="2019-02-01T10:58:23Z">
          <reporter-output>
          </reporter-output>
        </test-method> <!-- startReport -->
        <test-method status="PASS" signature="setUp()[pri:0, instance:firkeeTest.firkeeTest@3f3afe78]" name="setUp" is-config="true" duration-ms="6156" started-at="2019-02-01T10:58:23Z" finished-at="2019-02-01T10:58:29Z">
          <reporter-output>
          </reporter-output>
        </test-method> <!-- setUp -->
        <test-method status="PASS" signature="firkeepageview()[pri:0, instance:firkeeTest.firkeeTest@3f3afe78]" name="firkeepageview" duration-ms="296707" started-at="2019-02-01T10:58:29Z" finished-at="2019-02-01T11:03:25Z">
          <reporter-output>
          </reporter-output>
        </test-method> <!-- firkeepageview -->
        <test-method status="PASS" signature="getResult(org.testng.ITestResult)[pri:0, instance:firkeeTest.firkeeTest@3f3afe78]" name="getResult" is-config="true" duration-ms="3" started-at="2019-02-01T11:03:25Z" finished-at="2019-02-01T11:03:25Z">
          <params>
            <param index="0">
              <value>
                <![CDATA[[TestResult name=firkeepageview status=SUCCESS method=firkeeTest.firkeepageview()[pri:0, instance:firkeeTest.firkeeTest@3f3afe78] output={null}]]]>
              </value>
            </param>
          </params>
          <reporter-output>
          </reporter-output>
        </test-method> <!-- getResult -->
        <test-method status="PASS" signature="tearDown()[pri:0, instance:firkeeTest.firkeeTest@3f3afe78]" name="tearDown" is-config="true" duration-ms="99" started-at="2019-02-01T11:03:25Z" finished-at="2019-02-01T11:03:26Z">
          <reporter-output>
          </reporter-output>
        </test-method> <!-- tearDown -->
        <test-method status="PASS" signature="endReport()[pri:0, instance:firkeeTest.firkeeTest@3f3afe78]" name="endReport" is-config="true" duration-ms="431" started-at="2019-02-01T11:03:26Z" finished-at="2019-02-01T11:03:26Z">
          <reporter-output>
          </reporter-output>
        </test-method> <!-- endReport -->
      </class> <!-- firkeeTest.firkeeTest -->
    </test> <!-- firkeeTest -->
    <test name="EpaperTest" duration-ms="953463" started-at="2019-02-01T05:33:26Z" finished-at="2019-02-01T05:49:19Z">
      <class name="epaperTest.EpaperTest">
        <test-method status="PASS" signature="setUp()[pri:0, instance:epaperTest.EpaperTest@3498ed]" name="setUp" is-config="true" duration-ms="677" started-at="2019-02-01T11:03:26Z" finished-at="2019-02-01T11:03:27Z">
          <reporter-output>
          </reporter-output>
        </test-method> <!-- setUp -->
        <test-method status="PASS" signature="startReport()[pri:0, instance:epaperTest.EpaperTest@3498ed]" name="startReport" is-config="true" duration-ms="7" started-at="2019-02-01T11:03:27Z" finished-at="2019-02-01T11:03:27Z">
          <reporter-output>
          </reporter-output>
        </test-method> <!-- startReport -->
        <test-method status="FAIL" signature="checkPage200()[pri:0, instance:epaperTest.EpaperTest@3498ed]" name="checkPage200" duration-ms="951510" started-at="2019-02-01T11:03:27Z" finished-at="2019-02-01T11:19:18Z">
          <exception class="java.lang.ArrayIndexOutOfBoundsException">
            <message>
              <![CDATA[132]]>
            </message>
            <full-stacktrace>
              <![CDATA[java.lang.ArrayIndexOutOfBoundsException: 132
	at epaperTest.EpaperTest.checkPage200(EpaperTest.java:199)
	at sun.reflect.NativeMethodAccessorImpl.invoke0(Native Method)
	at sun.reflect.NativeMethodAccessorImpl.invoke(NativeMethodAccessorImpl.java:62)
	at sun.reflect.DelegatingMethodAccessorImpl.invoke(DelegatingMethodAccessorImpl.java:43)
	at java.lang.reflect.Method.invoke(Method.java:498)
	at org.testng.internal.MethodInvocationHelper.invokeMethod(MethodInvocationHelper.java:84)
	at org.testng.internal.Invoker.invokeMethod(Invoker.java:714)
	at org.testng.internal.Invoker.invokeTestMethod(Invoker.java:901)
	at org.testng.internal.Invoker.invokeTestMethods(Invoker.java:1231)
	at org.testng.internal.TestMethodWorker.invokeTestMethods(TestMethodWorker.java:127)
	at org.testng.internal.TestMethodWorker.run(TestMethodWorker.java:111)
	at java.util.concurrent.ThreadPoolExecutor.runWorker(ThreadPoolExecutor.java:1149)
	at java.util.concurrent.ThreadPoolExecutor$Worker.run(ThreadPoolExecutor.java:624)
	at java.lang.Thread.run(Thread.java:748)
]]>
            </full-stacktrace>
          </exception> <!-- java.lang.ArrayIndexOutOfBoundsException -->
          <reporter-output>
          </reporter-output>
        </test-method> <!-- checkPage200 -->
        <test-method status="PASS" signature="getResult(org.testng.ITestResult)[pri:0, instance:epaperTest.EpaperTest@3498ed]" name="getResult" is-config="true" duration-ms="2" started-at="2019-02-01T11:19:18Z" finished-at="2019-02-01T11:19:18Z">
          <params>
            <param index="0">
              <value>
                <![CDATA[[TestResult name=checkPage200 status=FAILURE method=EpaperTest.checkPage200()[pri:0, instance:epaperTest.EpaperTest@3498ed] output={null}]]]>
              </value>
            </param>
          </params>
          <reporter-output>
          </reporter-output>
        </test-method> <!-- getResult -->
        <test-method status="PASS" signature="tearDown()[pri:0, instance:epaperTest.EpaperTest@3498ed]" name="tearDown" is-config="true" duration-ms="839" started-at="2019-02-01T11:19:18Z" finished-at="2019-02-01T11:19:19Z">
          <reporter-output>
          </reporter-output>
        </test-method> <!-- tearDown -->
        <test-method status="PASS" signature="tearDownMethod()[pri:0, instance:epaperTest.EpaperTest@3498ed]" name="tearDownMethod" is-config="true" duration-ms="0" started-at="2019-02-01T11:19:18Z" finished-at="2019-02-01T11:19:18Z">
          <reporter-output>
          </reporter-output>
        </test-method> <!-- tearDownMethod -->
        <test-method status="PASS" signature="endReport()[pri:0, instance:epaperTest.EpaperTest@3498ed]" name="endReport" is-config="true" duration-ms="261" started-at="2019-02-01T11:19:19Z" finished-at="2019-02-01T11:19:19Z">
          <reporter-output>
          </reporter-output>
        </test-method> <!-- endReport -->
      </class> <!-- epaperTest.EpaperTest -->
    </test> <!-- EpaperTest -->
    <test name="ResultTest" duration-ms="288570" started-at="2019-02-01T05:49:20Z" finished-at="2019-02-01T05:54:08Z">
      <class name="ResultTest.ResultTest">
        <test-method status="PASS" signature="startReport()[pri:0, instance:ResultTest.ResultTest@3cda1055]" name="startReport" is-config="true" duration-ms="26" started-at="2019-02-01T11:19:20Z" finished-at="2019-02-01T11:19:20Z">
          <reporter-output>
          </reporter-output>
        </test-method> <!-- startReport -->
        <test-method status="PASS" signature="setUp()[pri:0, instance:ResultTest.ResultTest@3cda1055]" name="setUp" is-config="true" duration-ms="6587" started-at="2019-02-01T11:19:20Z" finished-at="2019-02-01T11:19:26Z">
          <reporter-output>
          </reporter-output>
        </test-method> <!-- setUp -->
        <test-method status="FAIL" signature="resultpageview()[pri:0, instance:ResultTest.ResultTest@3cda1055]" name="resultpageview" duration-ms="281697" started-at="2019-02-01T11:19:26Z" finished-at="2019-02-01T11:24:08Z">
          <exception class="org.openqa.selenium.StaleElementReferenceException">
            <message>
              <![CDATA[stale element reference: element is not attached to the page document
  (Session info: chrome=71.0.3578.98)
  (Driver info: chromedriver=2.45.615279 (12b89733300bd268cff3b78fc76cb8f3a7cc44e5),platform=Linux 4.15.0-44-generic x86_64) (WARNING: The server did not provide any stacktrace information)
Command duration or timeout: 12 milliseconds
For documentation on this error, please visit: http://seleniumhq.org/exceptions/stale_element_reference.html
Build info: version: '3.3.1', revision: '5234b325d5', time: '2017-03-10 09:10:29 +0000'
System info: host: 'akhilesh-Lenovo-B40-70', ip: '127.0.1.1', os.name: 'Linux', os.arch: 'amd64', os.version: '4.15.0-44-generic', java.version: '1.8.0_201'
Driver info: org.openqa.selenium.chrome.ChromeDriver
Capabilities [{mobileEmulationEnabled=false, timeouts={implicit=0, pageLoad=300000, script=30000}, hasTouchScreen=false, platform=LINUX, acceptSslCerts=false, goog:chromeOptions={debuggerAddress=localhost:45809}, acceptInsecureCerts=false, webStorageEnabled=true, browserName=chrome, takesScreenshot=true, javascriptEnabled=true, setWindowRect=true, unexpectedAlertBehaviour=ignore, applicationCacheEnabled=false, rotatable=false, networkConnectionEnabled=false, chrome={chromedriverVersion=2.45.615279 (12b89733300bd268cff3b78fc76cb8f3a7cc44e5), userDataDir=/tmp/.org.chromium.Chromium.EU2eow}, takesHeapSnapshot=true, pageLoadStrategy=normal, strictFileInteractability=false, databaseEnabled=false, handlesAlerts=true, version=71.0.3578.98, browserConnectionEnabled=false, proxy={}, nativeEvents=true, locationContextEnabled=true, cssSelectorsEnabled=true}]
Session ID: 8257e8c8e7a435b3ecd46202589b2678]]>
            </message>
            <full-stacktrace>
              <![CDATA[org.openqa.selenium.StaleElementReferenceException: stale element reference: element is not attached to the page document
  (Session info: chrome=71.0.3578.98)
  (Driver info: chromedriver=2.45.615279 (12b89733300bd268cff3b78fc76cb8f3a7cc44e5),platform=Linux 4.15.0-44-generic x86_64) (WARNING: The server did not provide any stacktrace information)
Command duration or timeout: 12 milliseconds
For documentation on this error, please visit: http://seleniumhq.org/exceptions/stale_element_reference.html
Build info: version: '3.3.1', revision: '5234b325d5', time: '2017-03-10 09:10:29 +0000'
System info: host: 'akhilesh-Lenovo-B40-70', ip: '127.0.1.1', os.name: 'Linux', os.arch: 'amd64', os.version: '4.15.0-44-generic', java.version: '1.8.0_201'
Driver info: org.openqa.selenium.chrome.ChromeDriver
Capabilities [{mobileEmulationEnabled=false, timeouts={implicit=0, pageLoad=300000, script=30000}, hasTouchScreen=false, platform=LINUX, acceptSslCerts=false, goog:chromeOptions={debuggerAddress=localhost:45809}, acceptInsecureCerts=false, webStorageEnabled=true, browserName=chrome, takesScreenshot=true, javascriptEnabled=true, setWindowRect=true, unexpectedAlertBehaviour=ignore, applicationCacheEnabled=false, rotatable=false, networkConnectionEnabled=false, chrome={chromedriverVersion=2.45.615279 (12b89733300bd268cff3b78fc76cb8f3a7cc44e5), userDataDir=/tmp/.org.chromium.Chromium.EU2eow}, takesHeapSnapshot=true, pageLoadStrategy=normal, strictFileInteractability=false, databaseEnabled=false, handlesAlerts=true, version=71.0.3578.98, browserConnectionEnabled=false, proxy={}, nativeEvents=true, locationContextEnabled=true, cssSelectorsEnabled=true}]
Session ID: 8257e8c8e7a435b3ecd46202589b2678
	at sun.reflect.NativeConstructorAccessorImpl.newInstance0(Native Method)
	at sun.reflect.NativeConstructorAccessorImpl.newInstance(NativeConstructorAccessorImpl.java:62)
	at sun.reflect.DelegatingConstructorAccessorImpl.newInstance(DelegatingConstructorAccessorImpl.java:45)
	at java.lang.reflect.Constructor.newInstance(Constructor.java:423)
	at org.openqa.selenium.remote.ErrorHandler.createThrowable(ErrorHandler.java:216)
	at org.openqa.selenium.remote.ErrorHandler.throwIfResponseFailed(ErrorHandler.java:168)
	at org.openqa.selenium.remote.RemoteWebDriver.execute(RemoteWebDriver.java:638)
	at org.openqa.selenium.remote.RemoteWebElement.execute(RemoteWebElement.java:274)
	at org.openqa.selenium.remote.RemoteWebElement.click(RemoteWebElement.java:84)
	at ResultTest.ResultTest.resultpageview(ResultTest.java:101)
	at sun.reflect.NativeMethodAccessorImpl.invoke0(Native Method)
	at sun.reflect.NativeMethodAccessorImpl.invoke(NativeMethodAccessorImpl.java:62)
	at sun.reflect.DelegatingMethodAccessorImpl.invoke(DelegatingMethodAccessorImpl.java:43)
	at java.lang.reflect.Method.invoke(Method.java:498)
	at org.testng.internal.MethodInvocationHelper.invokeMethod(MethodInvocationHelper.java:84)
	at org.testng.internal.Invoker.invokeMethod(Invoker.java:714)
	at org.testng.internal.Invoker.invokeTestMethod(Invoker.java:901)
	at org.testng.internal.Invoker.invokeTestMethods(Invoker.java:1231)
	at org.testng.internal.TestMethodWorker.invokeTestMethods(TestMethodWorker.java:127)
	at org.testng.internal.TestMethodWorker.run(TestMethodWorker.java:111)
	at java.util.concurrent.ThreadPoolExecutor.runWorker(ThreadPoolExecutor.java:1149)
	at java.util.concurrent.ThreadPoolExecutor$Worker.run(ThreadPoolExecutor.java:624)
	at java.lang.Thread.run(Thread.java:748)
]]>
            </full-stacktrace>
          </exception> <!-- org.openqa.selenium.StaleElementReferenceException -->
          <reporter-output>
          </reporter-output>
        </test-method> <!-- resultpageview -->
        <test-method status="PASS" signature="getResult(org.testng.ITestResult)[pri:0, instance:ResultTest.ResultTest@3cda1055]" name="getResult" is-config="true" duration-ms="4" started-at="2019-02-01T11:24:08Z" finished-at="2019-02-01T11:24:08Z">
          <params>
            <param index="0">
              <value>
                <![CDATA[[TestResult name=resultpageview status=FAILURE method=ResultTest.resultpageview()[pri:0, instance:ResultTest.ResultTest@3cda1055] output={null}]]]>
              </value>
            </param>
          </params>
          <reporter-output>
          </reporter-output>
        </test-method> <!-- getResult -->
        <test-method status="PASS" signature="tearDown()[pri:0, instance:ResultTest.ResultTest@3cda1055]" name="tearDown" is-config="true" duration-ms="147" started-at="2019-02-01T11:24:08Z" finished-at="2019-02-01T11:24:08Z">
          <reporter-output>
          </reporter-output>
        </test-method> <!-- tearDown -->
        <test-method status="PASS" signature="endReport()[pri:0, instance:ResultTest.ResultTest@3cda1055]" name="endReport" is-config="true" duration-ms="105" started-at="2019-02-01T11:24:08Z" finished-at="2019-02-01T11:24:08Z">
          <reporter-output>
          </reporter-output>
        </test-method> <!-- endReport -->
      </class> <!-- ResultTest.ResultTest -->
    </test> <!-- ResultTest -->
  </suite> <!-- Amarujala -->
</testng-results>
